Line 885: Class TabDlg.SSTab of control SSTab1 was not a loaded control class.
Line 891: The property name _ExtentX in SSTab1 is invalid.
Line 892: The property name _ExtentY in SSTab1 is invalid.
Line 893: The property name _Version in SSTab1 is invalid.
Line 894: The property name Tabs in SSTab1 is invalid.
Line 895: The property name TabsPerRow in SSTab1 is invalid.
Line 896: The property name TabHeight in SSTab1 is invalid.
Line 897: The property name WordWrap in SSTab1 is invalid.
Line 907: The property name TabCaption(0) in SSTab1 is invalid.
Line 908: The property name TabPicture(0) in SSTab1 is invalid.
Line 909: The property name Tab(0).ControlEnabled in SSTab1 is invalid.
Line 910: The property name Tab(0).Control(0) in SSTab1 is invalid.
Line 911: The property name Tab(0).Control(0).Enabled in SSTab1 is invalid.
Line 912: The property name Tab(0).Control(1) in SSTab1 is invalid.
Line 913: The property name Tab(0).Control(1).Enabled in SSTab1 is invalid.
Line 914: The property name Tab(0).Control(2) in SSTab1 is invalid.
Line 915: The property name Tab(0).Control(2).Enabled in SSTab1 is invalid.
Line 916: The property name Tab(0).Control(3) in SSTab1 is invalid.
Line 917: The property name Tab(0).Control(3).Enabled in SSTab1 is invalid.
Line 918: The property name Tab(0).Control(4) in SSTab1 is invalid.
Line 919: The property name Tab(0).Control(4).Enabled in SSTab1 is invalid.
Line 920: The property name Tab(0).Control(5) in SSTab1 is invalid.
Line 921: The property name Tab(0).Control(5).Enabled in SSTab1 is invalid.
Line 922: The property name Tab(0).Control(6) in SSTab1 is invalid.
Line 923: The property name Tab(0).Control(6).Enabled in SSTab1 is invalid.
Line 924: The property name Tab(0).Control(7) in SSTab1 is invalid.
Line 925: The property name Tab(0).Control(7).Enabled in SSTab1 is invalid.
Line 926: The property name Tab(0).Control(8) in SSTab1 is invalid.
Line 927: The property name Tab(0).Control(8).Enabled in SSTab1 is invalid.
Line 928: The property name Tab(0).Control(9) in SSTab1 is invalid.
Line 929: The property name Tab(0).Control(9).Enabled in SSTab1 is invalid.
Line 930: The property name Tab(0).Control(10) in SSTab1 is invalid.
Line 931: The property name Tab(0).Control(10).Enabled in SSTab1 is invalid.
Line 932: The property name Tab(0).Control(11) in SSTab1 is invalid.
Line 933: The property name Tab(0).Control(11).Enabled in SSTab1 is invalid.
Line 934: The property name Tab(0).Control(12) in SSTab1 is invalid.
Line 935: The property name Tab(0).Control(12).Enabled in SSTab1 is invalid.
Line 936: The property name Tab(0).Control(13) in SSTab1 is invalid.
Line 937: The property name Tab(0).Control(13).Enabled in SSTab1 is invalid.
Line 938: The property name Tab(0).Control(14) in SSTab1 is invalid.
Line 939: The property name Tab(0).Control(14).Enabled in SSTab1 is invalid.
Line 940: The property name Tab(0).Control(15) in SSTab1 is invalid.
Line 941: The property name Tab(0).Control(15).Enabled in SSTab1 is invalid.
Line 942: The property name Tab(0).Control(16) in SSTab1 is invalid.
Line 943: The property name Tab(0).Control(16).Enabled in SSTab1 is invalid.
Line 944: The property name Tab(0).Control(17) in SSTab1 is invalid.
Line 945: The property name Tab(0).Control(17).Enabled in SSTab1 is invalid.
Line 946: The property name Tab(0).Control(18) in SSTab1 is invalid.
Line 947: The property name Tab(0).Control(18).Enabled in SSTab1 is invalid.
Line 948: The property name Tab(0).Control(19) in SSTab1 is invalid.
Line 949: The property name Tab(0).Control(19).Enabled in SSTab1 is invalid.
Line 950: The property name Tab(0).Control(20) in SSTab1 is invalid.
Line 951: The property name Tab(0).Control(20).Enabled in SSTab1 is invalid.
Line 952: The property name Tab(0).Control(21) in SSTab1 is invalid.
Line 953: The property name Tab(0).Control(21).Enabled in SSTab1 is invalid.
Line 954: The property name Tab(0).Control(22) in SSTab1 is invalid.
Line 955: The property name Tab(0).Control(22).Enabled in SSTab1 is invalid.
Line 956: The property name Tab(0).Control(23) in SSTab1 is invalid.
Line 957: The property name Tab(0).Control(23).Enabled in SSTab1 is invalid.
Line 958: The property name Tab(0).Control(24) in SSTab1 is invalid.
Line 959: The property name Tab(0).Control(24).Enabled in SSTab1 is invalid.
Line 960: The property name Tab(0).Control(25) in SSTab1 is invalid.
Line 961: The property name Tab(0).Control(25).Enabled in SSTab1 is invalid.
Line 962: The property name Tab(0).Control(26) in SSTab1 is invalid.
Line 963: The property name Tab(0).Control(26).Enabled in SSTab1 is invalid.
Line 964: The property name Tab(0).Control(27) in SSTab1 is invalid.
Line 965: The property name Tab(0).Control(27).Enabled in SSTab1 is invalid.
Line 966: The property name Tab(0).ControlCount in SSTab1 is invalid.
Line 967: The property name TabCaption(1) in SSTab1 is invalid.
Line 968: The property name TabPicture(1) in SSTab1 is invalid.
Line 969: The property name Tab(1).ControlEnabled in SSTab1 is invalid.
Line 970: The property name Tab(1).Control(0) in SSTab1 is invalid.
Line 971: The property name Tab(1).Control(0).Enabled in SSTab1 is invalid.
Line 972: The property name Tab(1).Control(1) in SSTab1 is invalid.
Line 973: The property name Tab(1).Control(1).Enabled in SSTab1 is invalid.
Line 974: The property name Tab(1).Control(2) in SSTab1 is invalid.
Line 975: The property name Tab(1).Control(2).Enabled in SSTab1 is invalid.
Line 976: The property name Tab(1).Control(3) in SSTab1 is invalid.
Line 977: The property name Tab(1).Control(3).Enabled in SSTab1 is invalid.
Line 978: The property name Tab(1).Control(4) in SSTab1 is invalid.
Line 979: The property name Tab(1).Control(4).Enabled in SSTab1 is invalid.
Line 980: The property name Tab(1).Control(5) in SSTab1 is invalid.
Line 981: The property name Tab(1).Control(5).Enabled in SSTab1 is invalid.
Line 982: The property name Tab(1).Control(6) in SSTab1 is invalid.
Line 983: The property name Tab(1).Control(6).Enabled in SSTab1 is invalid.
Line 984: The property name Tab(1).Control(7) in SSTab1 is invalid.
Line 985: The property name Tab(1).Control(7).Enabled in SSTab1 is invalid.
Line 986: The property name Tab(1).Control(8) in SSTab1 is invalid.
Line 987: The property name Tab(1).Control(8).Enabled in SSTab1 is invalid.
Line 988: The property name Tab(1).ControlCount in SSTab1 is invalid.
Line 989: The property name TabCaption(2) in SSTab1 is invalid.
Line 990: The property name TabPicture(2) in SSTab1 is invalid.
Line 991: The property name Tab(2).ControlEnabled in SSTab1 is invalid.
Line 992: The property name Tab(2).Control(0) in SSTab1 is invalid.
Line 993: The property name Tab(2).Control(0).Enabled in SSTab1 is invalid.
Line 994: The property name Tab(2).Control(1) in SSTab1 is invalid.
Line 995: The property name Tab(2).Control(1).Enabled in SSTab1 is invalid.
Line 996: The property name Tab(2).Control(2) in SSTab1 is invalid.
Line 997: The property name Tab(2).Control(2).Enabled in SSTab1 is invalid.
Line 998: The property name Tab(2).Control(3) in SSTab1 is invalid.
Line 999: The property name Tab(2).Control(3).Enabled in SSTab1 is invalid.
Line 1000: The property name Tab(2).Control(4) in SSTab1 is invalid.
Line 1001: The property name Tab(2).Control(4).Enabled in SSTab1 is invalid.
Line 1002: The property name Tab(2).Control(5) in SSTab1 is invalid.
Line 1003: The property name Tab(2).Control(5).Enabled in SSTab1 is invalid.
Line 1004: The property name Tab(2).Control(6) in SSTab1 is invalid.
Line 1005: The property name Tab(2).Control(6).Enabled in SSTab1 is invalid.
Line 1006: The property name Tab(2).Control(7) in SSTab1 is invalid.
Line 1007: The property name Tab(2).Control(7).Enabled in SSTab1 is invalid.
Line 1008: The property name Tab(2).ControlCount in SSTab1 is invalid.
Line 1009: The property name TabCaption(3) in SSTab1 is invalid.
Line 1010: The property name TabPicture(3) in SSTab1 is invalid.
Line 1011: The property name Tab(3).ControlEnabled in SSTab1 is invalid.
Line 1012: The property name Tab(3).Control(0) in SSTab1 is invalid.
Line 1013: The property name Tab(3).Control(0).Enabled in SSTab1 is invalid.
Line 1014: The property name Tab(3).Control(1) in SSTab1 is invalid.
Line 1015: The property name Tab(3).Control(1).Enabled in SSTab1 is invalid.
Line 1016: The property name Tab(3).Control(2) in SSTab1 is invalid.
Line 1017: The property name Tab(3).Control(2).Enabled in SSTab1 is invalid.
Line 1018: The property name Tab(3).Control(3) in SSTab1 is invalid.
Line 1019: The property name Tab(3).Control(3).Enabled in SSTab1 is invalid.
Line 1020: The property name Tab(3).Control(4) in SSTab1 is invalid.
Line 1021: The property name Tab(3).Control(4).Enabled in SSTab1 is invalid.
Line 1022: The property name Tab(3).Control(5) in SSTab1 is invalid.
Line 1023: The property name Tab(3).Control(5).Enabled in SSTab1 is invalid.
Line 1024: The property name Tab(3).ControlCount in SSTab1 is invalid.
Line 1025: The property name TabCaption(4) in SSTab1 is invalid.
Line 1026: The property name TabPicture(4) in SSTab1 is invalid.
Line 1027: The property name Tab(4).ControlEnabled in SSTab1 is invalid.
Line 1028: The property name Tab(4).Control(0) in SSTab1 is invalid.
Line 1029: The property name Tab(4).Control(0).Enabled in SSTab1 is invalid.
Line 1030: The property name Tab(4).Control(1) in SSTab1 is invalid.
Line 1031: The property name Tab(4).Control(1).Enabled in SSTab1 is invalid.
Line 1032: The property name Tab(4).Control(2) in SSTab1 is invalid.
Line 1033: The property name Tab(4).Control(2).Enabled in SSTab1 is invalid.
Line 1034: The property name Tab(4).ControlCount in SSTab1 is invalid.
Line 1035: The property name TabCaption(5) in SSTab1 is invalid.
Line 1036: The property name TabPicture(5) in SSTab1 is invalid.
Line 1037: The property name Tab(5).ControlEnabled in SSTab1 is invalid.
Line 1038: The property name Tab(5).ControlCount in SSTab1 is invalid.
